<?xml version="1.0" encoding="UTF-8"?>
<!-- Generated by org.testng.reporters.JUnitReportReporter -->
<testsuite hostname="DESKTOP-M8CFESV" failures="0" tests="3" name="lambdatest.Scenario_1" time="5.895" errors="0" timestamp="2023-03-23T12:59:11 IST" skipped="0">
  <testcase classname="lambdatest.Scenario_1" name="validate_URL" time="0.893"/>
  <system-out>
    <![CDATA[Url Contains simple-form-demo
Showing Currect text message]]>
  </system-out>
  <testcase classname="lambdatest.Scenario_1" name="sliderLocation" time="0.701"/>
  <system-out/>
  <testcase classname="lambdatest.Scenario_1" name="Validate_Form" time="4.301"/>
  <system-out/>
</testsuite> <!-- lambdatest.Scenario_1 -->
