<?xml version="1.0" encoding="UTF-8"?>
<!-- Generated by org.testng.reporters.JUnitReportReporter -->
<testsuite hostname="DESKTOP-M8CFESV" failures="0" tests="1" name="lambdatest.Scenario_3" time="4.255" errors="0" timestamp="2023-03-23T12:20:06 IST" skipped="0">
  <testcase classname="lambdatest.Scenario_3" name="Validate_Form" time="4.255"/>
  <system-out/>
</testsuite> <!-- lambdatest.Scenario_3 -->
