<?xml version="1.0" encoding="UTF-8"?>
<!-- Generated by org.testng.reporters.JUnitReportReporter -->
<testsuite hostname="DESKTOP-M8CFESV" failures="0" tests="1" name="lambdatest.Scenario_2" time="1.040" errors="0" timestamp="2023-03-23T11:06:41 IST" skipped="0">
  <testcase classname="lambdatest.Scenario_2" name="sliderLocation" time="1.040"/>
  <system-out/>
</testsuite> <!-- lambdatest.Scenario_2 -->
